make all --print-data-base --no-builtin-variables --no-builtin-rules --question
# GNU Make 4.3
# Built for x86_64-pc-linux-gnu
# Copyright (C) 1988-2020 Free Software Foundation, Inc.
# License GPLv3+: GNU GPL version 3 or later <http://gnu.org/licenses/gpl.html>
# This is free software: you are free to change and redistribute it.
# There is NO WARRANTY, to the extent permitted by law.

# Make data base, printed on Thu Jul  7 03:13:05 2022

# Variables

# environment
LC_ALL = C
# environment
LC_NAME = lzh_TW
# environment
LC_NUMERIC = lzh_TW
# environment
VSCODE_CWD = /home/xuan
# environment
LC_ADDRESS = lzh_TW
# default
MAKE_COMMAND := make
# environment
VSCODE_HANDLES_SIGPIPE = true
# automatic
@D = $(patsubst %/,%,$(dir $@))
# environment
VSCODE_HANDLES_UNCAUGHT_ERRORS = true
# default
.VARIABLES := 
# environment
PWD = /opt/nuoj-sandbox
# automatic
%D = $(patsubst %/,%,$(dir $%))
# environment
XDG_DATA_DIRS = /usr/share/gnome:/usr/local/share:/usr/share:/var/lib/snapd/desktop
# automatic
^D = $(patsubst %/,%,$(dir $^))
# environment
VSCODE_LOG_STACK = false
# automatic
%F = $(notdir $%)
# environment
LANG = C
# default
.LOADED := 
# default
.INCLUDE_DIRS = /usr/local/include /usr/include /usr/include
# makefile
MAKEFLAGS = pqrR
# makefile
CURDIR := /opt/nuoj-sandbox
# environment
VSCODE_PIPE_LOGGING = true
# environment
APPLICATION_INSIGHTS_NO_DIAGNOSTIC_CHANNEL = true
# automatic
*D = $(patsubst %/,%,$(dir $*))
# environment
MFLAGS = -pqrR
# default
.SHELLFLAGS := -c
# automatic
+D = $(patsubst %/,%,$(dir $+))
# makefile (from 'Makefile', line 1)
MAKEFILE_LIST := Makefile
# automatic
@F = $(notdir $@)
# environment
VSCODE_VERBOSE_LOGGING = true
# environment
XDG_SESSION_TYPE = tty
# automatic
?D = $(patsubst %/,%,$(dir $?))
# automatic
*F = $(notdir $*)
# environment
DBUS_SESSION_BUS_ADDRESS = unix:path=/run/user/1000/bus
# automatic
<D = $(patsubst %/,%,$(dir $<))
# environment
VSCODE_NLS_CONFIG = {"locale":"zh-tw","availableLanguages":{}}
# default
MAKE_HOST := x86_64-pc-linux-gnu
# makefile
SHELL = /bin/sh
# default
MAKECMDGOALS := all
# environment
SHLVL = 0
# environment
MAKELEVEL := 0
# default
MAKE = $(MAKE_COMMAND)
# environment
PATH = /home/xuan/.vscode-server/bin/30d9c6cd9483b2cc586687151bcbcd635f373630/bin/remote-cli:/usr/local/sbin:/usr/local/bin:/usr/sbin:/usr/bin:/sbin:/bin:/usr/games:/usr/local/games:/snap/bin
# default
MAKEFILES := 
# environment
MOTD_SHOWN = pam
# environment
LC_MONETARY = lzh_TW
# automatic
^F = $(notdir $^)
# environment
LC_TIME = lzh_TW
# environment
SSH_CLIENT = 192.168.0.100 57042 22
# environment
VSCODE_LOG_NATIVE = false
# environment
LC_TELEPHONE = lzh_TW
# automatic
?F = $(notdir $?)
# automatic
+F = $(notdir $+)
# 'override' directive
GNUMAKEFLAGS := 
# environment
BROWSER = /home/xuan/.vscode-server/bin/30d9c6cd9483b2cc586687151bcbcd635f373630/bin/helpers/browser.sh
# environment
LOGNAME = xuan
# makefile
.DEFAULT_GOAL := all
# environment
USER = xuan
# default
MAKE_VERSION := 4.3
# environment
VSCODE_EXTHOST_WILL_SEND_SOCKET = true
# environment
LC_MEASUREMENT = lzh_TW
# environment
VSCODE_AGENT_FOLDER = /home/xuan/.vscode-server
# environment
_ = /home/xuan/.vscode-server/bin/30d9c6cd9483b2cc586687151bcbcd635f373630/node
# environment
LC_PAPER = lzh_TW
# environment
XDG_RUNTIME_DIR = /run/user/1000
# environment
VSCODE_IPC_HOOK_CLI = /run/user/1000/vscode-ipc-8618d0b7-b48c-48de-9344-c90b37ab51be.sock
# environment
XDG_SESSION_CLASS = user
# environment
VSCODE_AMD_ENTRYPOINT = vs/workbench/api/node/extensionHostProcess
# environment
HOME = /home/xuan
# environment
XDG_SESSION_ID = 40
# default
.RECIPEPREFIX := 
# automatic
<F = $(notdir $<)
# default
SUFFIXES := 
# default
.FEATURES := target-specific order-only second-expansion else-if shortest-stem undefine oneshell nocomment grouped-target extra-prereqs archives jobserver output-sync check-symlink load
# environment
LC_IDENTIFICATION = lzh_TW
# environment
SSH_CONNECTION = 192.168.0.100 57042 192.168.0.105 22
# variable set hash-table stats:
# Load=76/1024=7%, Rehash=0, Collisions=4/109=4%

# Pattern-specific Variable Values

# No pattern-specific variable values.

# Directories

# . (device 2051, inode 23069314): 14 files, no impossibilities.

# 14 files, no impossibilities in 1 directories.

# Implicit Rules

# No implicit rules.

# Files

# Not a target:
Makefile:
#  Implicit rule search has been done.
#  Last modified 2022-07-06 00:39:16.069669857
#  File has been updated.
#  Successfully updated.

# Not a target:
.DEFAULT:
#  Implicit rule search has not been done.
#  Modification time never checked.
#  File has not been updated.

all: install
#  Command line target.
#  Implicit rule search has been done.
#  File does not exist.
#  File has been updated.
#  Needs to be updated (-q is set).
# variable set hash-table stats:
# Load=0/32=0%, Rehash=0, Collisions=0/3=0%

install:
#  Implicit rule search has not been done.
#  Implicit/static pattern stem: ''
#  File does not exist.
#  File has been updated.
#  Needs to be updated (-q is set).
# automatic
# @ := install
# automatic
# * := 
# automatic
# < := 
# automatic
# + := 
# automatic
# % := 
# automatic
# ^ := 
# automatic
# ? := 
# automatic
# | := 
# variable set hash-table stats:
# Load=8/32=25%, Rehash=0, Collisions=1/11=9%
#  recipe to execute (from 'Makefile', line 4):
	sudo apt-get update
	sudo apt-get upgrade
	sudo apt-get install -y python3 python3-pip git build-essential asciidoc-base libcap-dev
	sudo mkdir ~/isolate
	sudo git clone https://github.com/ioi/isolate.git ~/isolate
	sudo make -C ~/isolate install
	sudo mkdir /opt/nuoj-sandbox
	sudo git clone --recursive https://github.com/ntut-xuan/NuOJ-Sandbox.git /opt/nuoj-sandbox
	sudo chmod -R 647 /opt/nuoj-sandbox/*
	sudo cp /opt/nuoj-sandbox/nuoj-sandbox.service /etc/systemd/system/
	sudo chmod 647 /etc/systemd/system/nuoj-sandbox.service
	sudo pip3 install flask
	sudo systemctl daemon-reload
	sudo systemctl enable nuoj-sandbox
	sudo systemctl start nuoj-sandbox

# Not a target:
.SUFFIXES:
#  Implicit rule search has not been done.
#  Modification time never checked.
#  File has not been updated.

# files hash-table stats:
# Load=5/1024=0%, Rehash=0, Collisions=0/19=0%
# VPATH Search Paths

# No 'vpath' search paths.

# No general ('VPATH' variable) search path.

# strcache buffers: 1 (0) / strings = 20 / storage = 200 B / avg = 10 B
# current buf: size = 8162 B / used = 200 B / count = 20 / avg = 10 B

# strcache performance: lookups = 29 / hit rate = 31%
# hash-table stats:
# Load=20/8192=0%, Rehash=0, Collisions=0/29=0%
# Finished Make data base on Thu Jul  7 03:13:05 2022

 
